<?xml version="1.0" encoding="UTF-8"?>
<!-- Generated by org.testng.reporters.JUnitReportReporter -->
<testsuite hostname="DELL-PC" name="com.testcases.Tc_01" tests="1" failures="0" timestamp="22 Oct 2017 03:04:55 GMT" time="27.015" errors="0">
  <testcase name="startTest" time="27.015" classname="com.testcases.Tc_01"/>
</testsuite> <!-- com.testcases.Tc_01 -->
